#
# There is insufficient memory for the Java Runtime Environment to continue.
# Native memory allocation (malloc) failed to allocate 1048576 bytes for AllocateHeap
# Possible reasons:
#   The system is out of physical RAM or swap space
#   In 32 bit mode, the process size limit was hit
# Possible solutions:
#   Reduce memory load on the system
#   Increase physical memory or swap space
#   Check if swap backing store is full
#   Use 64 bit Java on a 64 bit OS
#   Decrease Java heap size (-Xmx/-Xms)
#   Decrease number of Java threads
#   Decrease Java thread stack sizes (-Xss)
#   Set larger code cache with -XX:ReservedCodeCacheSize=
# This output file may be truncated or incomplete.
#
#  Out of Memory Error (memory/allocation.inline.hpp:61), pid=9136, tid=0x0000000000003510
#
# JRE version:  (8.0_111-b14) (build )
# Java VM: Java HotSpot(TM) 64-Bit Server VM (25.111-b14 mixed mode windows-amd64 compressed oops)
# Failed to write core dump. Minidumps are not enabled by default on client versions of Windows
#

---------------  T H R E A D  ---------------

Current thread (0x0000000002680800):  JavaThread "Unknown thread" [_thread_in_vm, id=13584, stack(0x0000000000da0000,0x0000000000ea0000)]

Stack: [0x0000000000da0000,0x0000000000ea0000]
[error occurred during error reporting (printing stack bounds), id 0xc0000005]

Native frames: (J=compiled Java code, j=interpreted, Vv=VM code, C=native code)


---------------  P R O C E S S  ---------------

Java Threads: ( => current thread )

Other Threads:

=>0x0000000002680800 (exited) JavaThread "Unknown thread" [_thread_in_vm, id=13584, stack(0x0000000000da0000,0x0000000000ea0000)]

VM state:not at safepoint (normal execution)

VM Mutex/Monitor currently owned by a thread: None

Heap:
 PSYoungGen      total 38400K, used 665K [0x00000000d5d80000, 0x00000000d8800000, 0x0000000100000000)
  eden space 33280K, 2% used [0x00000000d5d80000,0x00000000d5e26670,0x00000000d7e00000)
  from space 5120K, 0% used [0x00000000d8300000,0x00000000d8300000,0x00000000d8800000)
  to   space 5120K, 0% used [0x00000000d7e00000,0x00000000d7e00000,0x00000000d8300000)
 ParOldGen       total 87552K, used 0K [0x0000000081800000, 0x0000000086d80000, 0x00000000d5d80000)
  object space 87552K, 0% used [0x0000000081800000,0x0000000081800000,0x0000000086d80000)
 Metaspace       used 770K, capacity 4480K, committed 4480K, reserved 1056768K
  class space    used 75K, capacity 384K, committed 384K, reserved 1048576K

Card table byte_map: [0x0000000011c20000,0x0000000012020000] byte_map_base: 0x0000000011814000

Marking Bits: (ParMarkBitMap*) 0x000000006eefa6c0
 Begin Bits: [0x00000000126d0000, 0x0000000014670000)
 End Bits:   [0x0000000014670000, 0x0000000016610000)

Polling page: 0x0000000000ea0000

CodeCache: size=245760Kb used=328Kb max_used=328Kb free=245431Kb
 bounds [0x0000000002860000, 0x0000000002ad0000, 0x0000000011860000]
 total_blobs=58 nmethods=0 adapters=38
 compilation: enabled

Compilation events (0 events):
No events

GC Heap History (0 events):
No events

Deoptimization events (0 events):
No events

Internal exceptions (0 events):
No events

Events (10 events):
Event: 0.023 loading class java/lang/Short
Event: 0.023 loading class java/lang/Short done
Event: 0.023 loading class java/lang/Integer
Event: 0.023 loading class java/lang/Integer done
Event: 0.023 loading class java/lang/Long
Event: 0.023 loading class java/lang/Long done
Event: 0.024 loading class java/lang/NullPointerException
Event: 0.024 loading class java/lang/NullPointerException done
Event: 0.024 loading class java/lang/ArithmeticException
Event: 0.024 loading class java/lang/ArithmeticException done


Dynamic libraries:
0x00007ff6976a0000 - 0x00007ff6976d7000 	C:\Program Files\Java\jdk1.8.0_111\bin\java.exe
0x00007fff450e0000 - 0x00007fff452cd000 	C:\WINDOWS\SYSTEM32\ntdll.dll
0x00007fff42300000 - 0x00007fff423b3000 	C:\WINDOWS\System32\KERNEL32.DLL
0x00007fff41870000 - 0x00007fff41b05000 	C:\WINDOWS\System32\KERNELBASE.dll
0x00007fff44880000 - 0x00007fff44923000 	C:\WINDOWS\System32\ADVAPI32.dll
0x00007fff44780000 - 0x00007fff4481e000 	C:\WINDOWS\System32\msvcrt.dll
0x00007fff446c0000 - 0x00007fff4475e000 	C:\WINDOWS\System32\sechost.dll
0x00007fff428a0000 - 0x00007fff429c2000 	C:\WINDOWS\System32\RPCRT4.dll
0x00007fff44040000 - 0x00007fff441d7000 	C:\WINDOWS\System32\USER32.dll
0x00007fff41720000 - 0x00007fff41740000 	C:\WINDOWS\System32\win32u.dll
0x00007fff426d0000 - 0x00007fff426f9000 	C:\WINDOWS\System32\GDI32.dll
0x00007fff41580000 - 0x00007fff41719000 	C:\WINDOWS\System32\gdi32full.dll
0x00007fff41b10000 - 0x00007fff41bb0000 	C:\WINDOWS\System32\msvcp_win.dll
0x00007fff411a0000 - 0x00007fff4129a000 	C:\WINDOWS\System32\ucrtbase.dll
0x00007fff2a9f0000 - 0x00007fff2ac69000 	C:\WINDOWS\WinSxS\amd64_microsoft.windows.common-controls_6595b64144ccf1df_6.0.17763.1158_none_de722d88534a897f\COMCTL32.dll
0x00007fff44b30000 - 0x00007fff44e5c000 	C:\WINDOWS\System32\combase.dll
0x00007fff41740000 - 0x00007fff417be000 	C:\WINDOWS\System32\bcryptPrimitives.dll
0x00007fff44f70000 - 0x00007fff44f9e000 	C:\WINDOWS\System32\IMM32.DLL
0x000000006e600000 - 0x000000006e6d2000 	C:\Program Files\Java\jdk1.8.0_111\jre\bin\msvcr100.dll
0x000000006e6e0000 - 0x000000006ef7a000 	C:\Program Files\Java\jdk1.8.0_111\jre\bin\server\jvm.dll
0x00007fff44770000 - 0x00007fff44778000 	C:\WINDOWS\System32\PSAPI.DLL
0x00007fff2f750000 - 0x00007fff2f759000 	C:\WINDOWS\SYSTEM32\WSOCK32.dll
0x00007fff3dbf0000 - 0x00007fff3dc14000 	C:\WINDOWS\SYSTEM32\WINMM.dll
0x00007fff44e60000 - 0x00007fff44ecd000 	C:\WINDOWS\System32\WS2_32.dll
0x00007fff33ed0000 - 0x00007fff33eda000 	C:\WINDOWS\SYSTEM32\VERSION.dll
0x00007fff3dbc0000 - 0x00007fff3dbed000 	C:\WINDOWS\SYSTEM32\winmmbase.dll
0x00007fff41530000 - 0x00007fff4157a000 	C:\WINDOWS\System32\cfgmgr32.dll
0x000000006e5b0000 - 0x000000006e5bf000 	C:\Program Files\Java\jdk1.8.0_111\jre\bin\verify.dll
0x000000006e580000 - 0x000000006e5a9000 	C:\Program Files\Java\jdk1.8.0_111\jre\bin\java.dll
0x000000006e560000 - 0x000000006e576000 	C:\Program Files\Java\jdk1.8.0_111\jre\bin\zip.dll

VM Arguments:
jvm_args: -Dfile.encoding=UTF-8 
java_command: project1.Login
java_class_path (initial): C:\Users\tharm\Documents\NetBeansProjects\Project1\mysql-connector-java-8.0.19\mysql-connector-java-8.0.19\mysql-connector-java-8.0.19.jar;C:\Users\tharm\Documents\NetBeansProjects\Project1\rs2xml\rs2xml\rs2xml.jar;C:\Users\tharm\Documents\NetBeansProjects\Project1\java-util-1.3.1.jar\java-util-1.3.1.jar;C:\Users\tharm\Documents\NetBeansProjects\Project1\build\classes
Launcher Type: SUN_STANDARD

Environment Variables:
PATH=C:\ProgramData\Oracle\Java\javapath;C:\WINDOWS\system32;C:\WINDOWS;C:\WINDOWS\System32\Wbem;C:\WINDOWS\System32\WindowsPowerShell\v1.0\;C:\WINDOWS\System32\OpenSSH\;C:\Users\tharm\AppData\Local\Microsoft\WindowsApps;
USERNAME=tharm
OS=Windows_NT
PROCESSOR_IDENTIFIER=Intel64 Family 6 Model 61 Stepping 4, GenuineIntel



---------------  S Y S T E M  ---------------

OS: Windows 10.0 , 64 bit Build 17763 (10.0.17763.1158)

CPU:total 4 (2 cores per cpu, 2 threads per core) family 6 model 61 stepping 4, cmov, cx8, fxsr, mmx, sse, sse2, sse3, ssse3, sse4.1, sse4.2, popcnt, avx, avx2, aes, clmul, erms, 3dnowpref, lzcnt, ht, tsc, tscinvbit, bmi1, bmi2, adx

Memory: 4k page, physical 8288672k(2449380k free), swap 9536744k(5248k free)

vm_info: Java HotSpot(TM) 64-Bit Server VM (25.111-b14) for windows-amd64 JRE (1.8.0_111-b14), built on Sep 22 2016 19:24:05 by "java_re" with MS VC++ 10.0 (VS2010)

time: Tue Feb 09 21:03:04 2021
elapsed time: 0 seconds (0d 0h 0m 0s)

