#
# There is insufficient memory for the Java Runtime Environment to continue.
# Native memory allocation (malloc) failed to allocate 1048576 bytes for AllocateHeap
# Possible reasons:
#   The system is out of physical RAM or swap space
#   In 32 bit mode, the process size limit was hit
# Possible solutions:
#   Reduce memory load on the system
#   Increase physical memory or swap space
#   Check if swap backing store is full
#   Use 64 bit Java on a 64 bit OS
#   Decrease Java heap size (-Xmx/-Xms)
#   Decrease number of Java threads
#   Decrease Java thread stack sizes (-Xss)
#   Set larger code cache with -XX:ReservedCodeCacheSize=
# This output file may be truncated or incomplete.
#
#  Out of Memory Error (memory/allocation.inline.hpp:61), pid=8388, tid=0x000000000000493c
#
# JRE version:  (8.0_111-b14) (build )
# Java VM: Java HotSpot(TM) 64-Bit Server VM (25.111-b14 mixed mode windows-amd64 compressed oops)
# Failed to write core dump. Minidumps are not enabled by default on client versions of Windows
#

---------------  T H R E A D  ---------------

Current thread (0x000000000268e000):  JavaThread "Unknown thread" [_thread_in_vm, id=18748, stack(0x00000000026d0000,0x00000000027d0000)]

Stack: [0x00000000026d0000,0x00000000027d0000]
[error occurred during error reporting (printing stack bounds), id 0xc0000005]

Native frames: (J=compiled Java code, j=interpreted, Vv=VM code, C=native code)


---------------  P R O C E S S  ---------------

Java Threads: ( => current thread )

Other Threads:

=>0x000000000268e000 (exited) JavaThread "Unknown thread" [_thread_in_vm, id=18748, stack(0x00000000026d0000,0x00000000027d0000)]

VM state:not at safepoint (normal execution)

VM Mutex/Monitor currently owned by a thread: None

Heap:
 PSYoungGen      total 2048K, used 30K [0x00000000d5d80000, 0x00000000d6000000, 0x0000000100000000)
  eden space 1536K, 2% used [0x00000000d5d80000,0x00000000d5d87af0,0x00000000d5f00000)
  from space 512K, 0% used [0x00000000d5f80000,0x00000000d5f80000,0x00000000d6000000)
  to   space 512K, 0% used [0x00000000d5f00000,0x00000000d5f00000,0x00000000d5f80000)
 ParOldGen       total 5632K, used 0K [0x0000000081800000, 0x0000000081d80000, 0x00000000d5d80000)
  object space 5632K, 0% used [0x0000000081800000,0x0000000081800000,0x0000000081d80000)
 Metaspace       used 770K, capacity 4480K, committed 4480K, reserved 1056768K
  class space    used 75K, capacity 384K, committed 384K, reserved 1048576K

Card table byte_map: [0x0000000011ce0000,0x00000000120e0000] byte_map_base: 0x00000000118d4000

Marking Bits: (ParMarkBitMap*) 0x000000006eefa6c0
 Begin Bits: [0x0000000012790000, 0x0000000014730000)
 End Bits:   [0x0000000014730000, 0x00000000166d0000)

Polling page: 0x0000000000db0000

CodeCache: size=245760Kb used=328Kb max_used=328Kb free=245431Kb
 bounds [0x0000000002920000, 0x0000000002b90000, 0x0000000011920000]
 total_blobs=58 nmethods=0 adapters=38
 compilation: enabled

Compilation events (0 events):
No events

GC Heap History (0 events):
No events

Deoptimization events (0 events):
No events

Internal exceptions (0 events):
No events

Events (10 events):
Event: 0.036 loading class java/lang/Short
Event: 0.036 loading class java/lang/Short done
Event: 0.036 loading class java/lang/Integer
Event: 0.036 loading class java/lang/Integer done
Event: 0.036 loading class java/lang/Long
Event: 0.036 loading class java/lang/Long done
Event: 0.037 loading class java/lang/NullPointerException
Event: 0.037 loading class java/lang/NullPointerException done
Event: 0.037 loading class java/lang/ArithmeticException
Event: 0.037 loading class java/lang/ArithmeticException done


Dynamic libraries:
0x00007ff6d6080000 - 0x00007ff6d6087000 	C:\Program Files\Java\jdk1.8.0_111\bin\javac.exe
0x00007fff450e0000 - 0x00007fff452cd000 	C:\WINDOWS\SYSTEM32\ntdll.dll
0x00007fff42300000 - 0x00007fff423b3000 	C:\WINDOWS\System32\KERNEL32.DLL
0x00007fff41870000 - 0x00007fff41b05000 	C:\WINDOWS\System32\KERNELBASE.dll
0x000000006e040000 - 0x000000006e112000 	C:\Program Files\Java\jdk1.8.0_111\bin\MSVCR100.dll
0x000000006e010000 - 0x000000006e03f000 	C:\Program Files\Java\jdk1.8.0_111\bin\jli.dll
0x00007fff44880000 - 0x00007fff44923000 	C:\WINDOWS\System32\ADVAPI32.dll
0x00007fff44780000 - 0x00007fff4481e000 	C:\WINDOWS\System32\msvcrt.dll
0x00007fff446c0000 - 0x00007fff4475e000 	C:\WINDOWS\System32\sechost.dll
0x00007fff428a0000 - 0x00007fff429c2000 	C:\WINDOWS\System32\RPCRT4.dll
0x00007fff44040000 - 0x00007fff441d7000 	C:\WINDOWS\System32\USER32.dll
0x00007fff41720000 - 0x00007fff41740000 	C:\WINDOWS\System32\win32u.dll
0x00007fff426d0000 - 0x00007fff426f9000 	C:\WINDOWS\System32\GDI32.dll
0x00007fff41580000 - 0x00007fff41719000 	C:\WINDOWS\System32\gdi32full.dll
0x00007fff41b10000 - 0x00007fff41bb0000 	C:\WINDOWS\System32\msvcp_win.dll
0x00007fff411a0000 - 0x00007fff4129a000 	C:\WINDOWS\System32\ucrtbase.dll
0x00007fff2a9f0000 - 0x00007fff2ac69000 	C:\WINDOWS\WinSxS\amd64_microsoft.windows.common-controls_6595b64144ccf1df_6.0.17763.1158_none_de722d88534a897f\COMCTL32.dll
0x00007fff44b30000 - 0x00007fff44e5c000 	C:\WINDOWS\System32\combase.dll
0x00007fff41740000 - 0x00007fff417be000 	C:\WINDOWS\System32\bcryptPrimitives.dll
0x00007fff44f70000 - 0x00007fff44f9e000 	C:\WINDOWS\System32\IMM32.DLL
0x000000006e600000 - 0x000000006e6d2000 	C:\Program Files\Java\jdk1.8.0_111\jre\bin\msvcr100.dll
0x000000006e6e0000 - 0x000000006ef7a000 	C:\Program Files\Java\jdk1.8.0_111\jre\bin\server\jvm.dll
0x00007fff44770000 - 0x00007fff44778000 	C:\WINDOWS\System32\PSAPI.DLL
0x00007fff2f750000 - 0x00007fff2f759000 	C:\WINDOWS\SYSTEM32\WSOCK32.dll
0x00007fff44e60000 - 0x00007fff44ecd000 	C:\WINDOWS\System32\WS2_32.dll
0x00007fff3dbf0000 - 0x00007fff3dc14000 	C:\WINDOWS\SYSTEM32\WINMM.dll
0x00007fff33ed0000 - 0x00007fff33eda000 	C:\WINDOWS\SYSTEM32\VERSION.dll
0x00007fff3dbc0000 - 0x00007fff3dbed000 	C:\WINDOWS\SYSTEM32\WINMMBASE.dll
0x00007fff41530000 - 0x00007fff4157a000 	C:\WINDOWS\System32\cfgmgr32.dll
0x000000006e5b0000 - 0x000000006e5bf000 	C:\Program Files\Java\jdk1.8.0_111\jre\bin\verify.dll
0x000000006e580000 - 0x000000006e5a9000 	C:\Program Files\Java\jdk1.8.0_111\jre\bin\java.dll
0x000000006e560000 - 0x000000006e576000 	C:\Program Files\Java\jdk1.8.0_111\jre\bin\zip.dll

VM Arguments:
jvm_args: -Dapplication.home=C:\Program Files\Java\jdk1.8.0_111 -Xms8m 
java_command: com.sun.tools.javac.Main -d C:\Users\tharm\Documents\NetBeansProjects\Project1\build\classes -classpath C:\Users\tharm\Documents\NetBeansProjects\Project1\build\classes;C:\Users\tharm\Documents\NetBeansProjects\Project1\mysql-connector-java-8.0.19\mysql-connector-java-8.0.19\mysql-connector-java-8.0.19.jar;C:\Users\tharm\Documents\NetBeansProjects\Project1\rs2xml\rs2xml\rs2xml.jar;C:\Users\tharm\Documents\NetBeansProjects\Project1\java-util-1.3.1.jar\java-util-1.3.1.jar -sourcepath C:\Users\tharm\Documents\NetBeansProjects\Project1\build\empty -target 1.8 -encoding UTF-8 -g -processorpath C:\Users\tharm\Documents\NetBeansProjects\Project1\mysql-connector-java-8.0.19\mysql-connector-java-8.0.19\mysql-connector-java-8.0.19.jar;C:\Users\tharm\Documents\NetBeansProjects\Project1\rs2xml\rs2xml\rs2xml.jar;C:\Users\tharm\Documents\NetBeansProjects\Project1\java-util-1.3.1.jar\java-util-1.3.1.jar;C:\Users\tharm\Documents\NetBeansProjects\Project1\build\empty -s C:\Users\tharm\Documents\NetBeansProjects\Project1\build\generated-sources\ap-source-output -source 1.8 C:\Users\tharm\Documents\NetBeansProjects\Project1\src\project1\ChangePassword.java C:\Users\tharm\Documents\NetBeansProjects\Project1\src\project1\ForgotPassword.java C:\Users\tharm\Documents\NetBeansProjects\Project1\src\project1\Login.java C:\Users\tharm\Documents\NetBeansProjects\Project1\src\project1\MainPage.java C:\Users\tharm\Documents\NetBeansProjects\Project1\src\project1\Phpmyadmin.java C:\Users\tharm\Documents\NetBeansProjects\Project1\src\project1\Project1.java C:\Users\tharm\Documents\NetBeansProjects\Project1\src\project1\Register.java C:\Users\tharm\Documents\NetBeansProjects\Project1\src\project1\UserDetails.java
java_class_path (initial): C:\Program Files\Java\jdk1.8.0_111/lib/tools.jar;C:\Program Files\Java\jdk1.8.0_111/classes
Launcher Type: SUN_STANDARD

Environment Variables:
PATH=C:\ProgramData\Oracle\Java\javapath;C:\WINDOWS\system32;C:\WINDOWS;C:\WINDOWS\System32\Wbem;C:\WINDOWS\System32\WindowsPowerShell\v1.0\;C:\WINDOWS\System32\OpenSSH\;C:\Users\tharm\AppData\Local\Microsoft\WindowsApps;
USERNAME=tharm
OS=Windows_NT
PROCESSOR_IDENTIFIER=Intel64 Family 6 Model 61 Stepping 4, GenuineIntel



---------------  S Y S T E M  ---------------

OS: Windows 10.0 , 64 bit Build 17763 (10.0.17763.1158)

CPU:total 4 (2 cores per cpu, 2 threads per core) family 6 model 61 stepping 4, cmov, cx8, fxsr, mmx, sse, sse2, sse3, ssse3, sse4.1, sse4.2, popcnt, avx, avx2, aes, clmul, erms, 3dnowpref, lzcnt, ht, tsc, tscinvbit, bmi1, bmi2, adx

Memory: 4k page, physical 8288672k(2319060k free), swap 9536744k(5396k free)

vm_info: Java HotSpot(TM) 64-Bit Server VM (25.111-b14) for windows-amd64 JRE (1.8.0_111-b14), built on Sep 22 2016 19:24:05 by "java_re" with MS VC++ 10.0 (VS2010)

time: Tue Feb 09 21:01:19 2021
elapsed time: 0 seconds (0d 0h 0m 0s)

